[2020-23-12 07:19:29] germanium32.trinidarts.com.DEBUG: running ./configure ...
[2020-23-12 07:19:30] germanium32.trinidarts.com.DEBUG: determining git ref ...
[2020-23-12 07:19:30] germanium32.trinidarts.com.DEBUG: git log exclude: ":(exclude)Makefile" ":(exclude)README.md" ":(exclude)build*.log" ":(exclude)build.yml" ":(exclude)configure" ":(exclude)docker-compose*.yml" ":(exclude)*.env" ":(exclude)*.properties" ":(exclude).dockerignore" 
[2020-23-12 07:19:30] germanium32.trinidarts.com.DEBUG: git ref: 
[2020-23-12 07:19:30] germanium32.trinidarts.com.DEBUG: determining git ref ...
[2020-23-12 07:19:30] germanium32.trinidarts.com.DEBUG: git log exclude: ":(exclude)Makefile" ":(exclude)README.md" ":(exclude)build*.log" ":(exclude)build.yml" ":(exclude)configure" ":(exclude)docker-compose*.yml" ":(exclude)*.env" ":(exclude)*.properties" ":(exclude).dockerignore" 
[2020-23-12 07:19:30] germanium32.trinidarts.com.DEBUG: git ref: 
[2020-23-12 07:19:30] germanium32.trinidarts.com.DEBUG: Trying to pull repository docker.io/gen6scp/ubuntu ...
[2020-23-12 07:19:37] germanium32.trinidarts.com.DEBUG: repository docker.io/gen6scp/ubuntu not found: does not exist or no pull access
[2020-23-12 07:19:37] germanium32.trinidarts.com.DEBUG: Build Command: docker build     --cache-from docker.io/gen6scp/ubuntu:19.10     --build-arg LABEL_VERSION=19.10      --build-arg "LABEL_NAME=ubuntu"     --build-arg "LABEL_USAGE=https://github.com/gen6scp/playstation123/tree/master/ubuntu"     --build-arg "LABEL_VENDOR=gen6scp"     --build-arg "LABEL_VCS_URL=https://github.com/gen6scp/playstation123"     --build-arg "LABEL_VCS_REF="      -t docker.io/gen6scp/ubuntu:19.10
 -t docker.io/gen6scp/ubuntu:19.10
 -t docker.io/gen6scp/ubuntu:latest     "."     -f "Dockerfile"
[2020-23-12 07:19:37] germanium32.trinidarts.com.DEBUG: Sending build context to Docker daemon 27.65 kB
[2020-23-12 07:19:37] germanium32.trinidarts.com.DEBUG: Step 1/23 : FROM ubuntu:19.10
[2020-23-12 07:19:37] germanium32.trinidarts.com.DEBUG: ---> dcbcfdcd50bb
[2020-23-12 07:19:37] germanium32.trinidarts.com.DEBUG: Step 2/23 : ARG LABEL_NAME
[2020-23-12 07:19:37] germanium32.trinidarts.com.DEBUG: ---> Using cache
[2020-23-12 07:19:37] germanium32.trinidarts.com.DEBUG: ---> 575e81fcdd9b
[2020-23-12 07:19:37] germanium32.trinidarts.com.DEBUG: Step 3/23 : ARG LABEL_VERSION
[2020-23-12 07:19:37] germanium32.trinidarts.com.DEBUG: ---> Using cache
[2020-23-12 07:19:37] germanium32.trinidarts.com.DEBUG: ---> a369350e0839
[2020-23-12 07:19:37] germanium32.trinidarts.com.DEBUG: Step 4/23 : ARG LABEL_USAGE
[2020-23-12 07:19:37] germanium32.trinidarts.com.DEBUG: ---> Using cache
[2020-23-12 07:19:37] germanium32.trinidarts.com.DEBUG: ---> b88238526688
[2020-23-12 07:19:37] germanium32.trinidarts.com.DEBUG: Step 5/23 : ARG LABEL_VENDOR
[2020-23-12 07:19:37] germanium32.trinidarts.com.DEBUG: ---> Using cache
[2020-23-12 07:19:37] germanium32.trinidarts.com.DEBUG: ---> 7d6a8b59be3e
[2020-23-12 07:19:37] germanium32.trinidarts.com.DEBUG: Step 6/23 : ARG LABEL_VCS_URL
[2020-23-12 07:19:37] germanium32.trinidarts.com.DEBUG: ---> Using cache
[2020-23-12 07:19:37] germanium32.trinidarts.com.DEBUG: ---> 636181984129
[2020-23-12 07:19:37] germanium32.trinidarts.com.DEBUG: Step 7/23 : ARG LABEL_VCS_REF
[2020-23-12 07:19:37] germanium32.trinidarts.com.DEBUG: ---> Using cache
[2020-23-12 07:19:37] germanium32.trinidarts.com.DEBUG: ---> 87326b74f532
[2020-23-12 07:19:37] germanium32.trinidarts.com.DEBUG: Step 8/23 : LABEL org.label-schema.name "$LABEL_NAME" org.label-schema.version "$LABEL_VERSION" org.label-schema.usage "$LABEL_USAGE" org.label-schema.vendor "$LABEL_VENDOR" org.label-schema.vcs-url "$LABEL_VCS_URL" org.label-schema.vcs-ref "$LABEL_VCS_REF" org.label-schema.schema-version "1.0"
[2020-23-12 07:19:37] germanium32.trinidarts.com.DEBUG: ---> Using cache
[2020-23-12 07:19:37] germanium32.trinidarts.com.DEBUG: ---> bf7e40077195
[2020-23-12 07:19:37] germanium32.trinidarts.com.DEBUG: Step 9/23 : ARG DEBIAN_FRONTEND=noninteractive
[2020-23-12 07:19:37] germanium32.trinidarts.com.DEBUG: ---> Using cache
[2020-23-12 07:19:38] germanium32.trinidarts.com.DEBUG: ---> bb152190c2ea
[2020-23-12 07:19:38] germanium32.trinidarts.com.DEBUG: Step 10/23 : RUN sed -i -re 's/([a-z]{2}\.)?archive.ubuntu.com|security.ubuntu.com/old-releases.ubuntu.com/g' /etc/apt/sources.list
[2020-23-12 07:19:38] germanium32.trinidarts.com.DEBUG: ---> Using cache
[2020-23-12 07:19:38] germanium32.trinidarts.com.DEBUG: ---> 800684b07b79
[2020-23-12 07:19:38] germanium32.trinidarts.com.DEBUG: Step 11/23 : RUN apt-get update -qq  && apt-get install -qqy --no-install-recommends       ca-certificates       sudo       tzdata       wget  && rm -rf /var/lib/apt/lists/*
[2020-23-12 07:19:38] germanium32.trinidarts.com.DEBUG: ---> Using cache
[2020-23-12 07:19:38] germanium32.trinidarts.com.DEBUG: ---> 9b01173abb8e
[2020-23-12 07:19:38] germanium32.trinidarts.com.DEBUG: Step 12/23 : RUN ARCH="$(dpkg --print-architecture | awk -F- '{ print $NF }')"  && wget -q -O /tmp/release.json "https://api.github.com/repos/krallin/tini/releases/latest"  && grep -E '"browser_download_url":.+'$ARCH'' /tmp/release.json | grep -v -E ".(asc|sig)" | head -n1 | cut -d '"' -f4 > /tmp/release.txt  && wget -q -O /usr/local/bin/tini "$(cat /tmp/release.txt)"  && chmod +x /usr/local/bin/tini  && rm -f /tmp/release.*
[2020-23-12 07:19:38] germanium32.trinidarts.com.DEBUG: ---> Using cache
[2020-23-12 07:19:38] germanium32.trinidarts.com.DEBUG: ---> 0e45f561057f
[2020-23-12 07:19:38] germanium32.trinidarts.com.DEBUG: Step 13/23 : RUN ARCH="$(dpkg --print-architecture | awk -F- '{ print $NF }')"  && wget -q -O /tmp/release.json "https://api.github.com/repos/tianon/gosu/releases/latest"  && grep -E '"browser_download_url":.+'$ARCH'' /tmp/release.json | grep -v -E ".(asc|sig)" | head -n1 | cut -d '"' -f4 > /tmp/release.txt  && wget -q -O /usr/local/bin/gosu "$(cat /tmp/release.txt)"  && chmod +x /usr/local/bin/gosu  && rm -f /tmp/release.*  && gosu nobody true
[2020-23-12 07:19:38] germanium32.trinidarts.com.DEBUG: ---> Using cache
[2020-23-12 07:19:38] germanium32.trinidarts.com.DEBUG: ---> 1b4c123e6a4c
[2020-23-12 07:19:38] germanium32.trinidarts.com.DEBUG: Step 14/23 : RUN ARCH="$(dpkg --print-architecture | awk -F- '{ print $NF }')"  && wget -q -O /tmp/release.json "https://api.github.com/repos/just-containers/s6-overlay/releases/latest"  && grep -E '"browser_download_url":.+'$ARCH'\.tar\.gz' /tmp/release.json | grep -v -E ".(asc|sig)" | head -n1 | cut -d '"' -f4 > /tmp/release.txt  && wget -q -O s6-overlay.tar.gz "$(cat /tmp/release.txt)"  && tar zxfh s6-overlay.tar.gz -C /  && rm -f /tmp/release.* s6-overlay.tar.gz
[2020-23-12 07:19:38] germanium32.trinidarts.com.DEBUG: ---> Using cache
[2020-23-12 07:19:38] germanium32.trinidarts.com.DEBUG: ---> 1f57b0b99f0a
[2020-23-12 07:19:38] germanium32.trinidarts.com.DEBUG: Step 15/23 : RUN /bin/echo -e "\n%adm ALL=(ALL) NOPASSWD:SETENV: /usr/local/bin/docker-entrypoint.sh\n"   >/etc/sudoers.d/passwordless
[2020-23-12 07:19:38] germanium32.trinidarts.com.DEBUG: ---> Using cache
[2020-23-12 07:19:38] germanium32.trinidarts.com.DEBUG: ---> fcc7f1867e54
[2020-23-12 07:19:38] germanium32.trinidarts.com.DEBUG: Step 16/23 : COPY entrypoint.d /etc/entrypoint.d
[2020-23-12 07:19:38] germanium32.trinidarts.com.DEBUG: ---> Using cache
[2020-23-12 07:19:38] germanium32.trinidarts.com.DEBUG: ---> f1791f6727b4
[2020-23-12 07:19:38] germanium32.trinidarts.com.DEBUG: Step 17/23 : COPY docker-entrypoint.sh /usr/local/bin/docker-entrypoint.sh
[2020-23-12 07:19:38] germanium32.trinidarts.com.DEBUG: ---> Using cache
[2020-23-12 07:19:38] germanium32.trinidarts.com.DEBUG: ---> 5027240676b1
[2020-23-12 07:19:38] germanium32.trinidarts.com.DEBUG: Step 18/23 : RUN addgroup --gid 1000 ubuntu  && adduser --gecos ""       --shell /bin/bash       --uid 1000       --gid 1000       --disabled-password       ubuntu  && adduser ubuntu adm
[2020-23-12 07:19:38] germanium32.trinidarts.com.DEBUG: ---> Using cache
[2020-23-12 07:19:38] germanium32.trinidarts.com.DEBUG: ---> 496b60447cdb
[2020-23-12 07:19:38] germanium32.trinidarts.com.INFO: Step 19/23 : RUN chgrp -R adm /var/log  && chmod -R g+w /var/log  && find /var/log -type d -exec chmod g+s {} \;
[2020-23-12 07:19:38] germanium32.trinidarts.com.DEBUG: ---> Using cache
[2020-23-12 07:19:38] germanium32.trinidarts.com.DEBUG: ---> 0564ca2ed296
[2020-23-12 07:19:38] germanium32.trinidarts.com.DEBUG: Step 20/23 : USER ubuntu
[2020-23-12 07:19:38] germanium32.trinidarts.com.DEBUG: ---> Using cache
[2020-23-12 07:19:38] germanium32.trinidarts.com.DEBUG: ---> 97f984d6698a
[2020-23-12 07:19:38] germanium32.trinidarts.com.DEBUG: Step 21/23 : WORKDIR /home/ubuntu
[2020-23-12 07:19:38] germanium32.trinidarts.com.DEBUG: ---> Using cache
[2020-23-12 07:19:38] germanium32.trinidarts.com.DEBUG: ---> d4761ec5909d
[2020-23-12 07:19:38] germanium32.trinidarts.com.DEBUG: Step 22/23 : RUN mkdir -p   /home/ubuntu/.cache   /home/ubuntu/.config   /home/ubuntu/.local/share
[2020-23-12 07:19:38] germanium32.trinidarts.com.DEBUG: ---> Using cache
[2020-23-12 07:19:38] germanium32.trinidarts.com.DEBUG: ---> fccaed5e43fe
[2020-23-12 07:19:38] germanium32.trinidarts.com.DEBUG: Step 23/23 : ENTRYPOINT /usr/local/bin/docker-entrypoint.sh
[2020-23-12 07:19:38] germanium32.trinidarts.com.DEBUG: ---> Running in 46f9532fc6f8
[2020-23-12 07:19:38] germanium32.trinidarts.com.DEBUG: ---> 67bd01927e20
[2020-23-12 07:19:38] germanium32.trinidarts.com.DEBUG: Removing intermediate container 46f9532fc6f8
[2020-23-12 07:19:38] germanium32.trinidarts.com.INFO: Successfully built 67bd01927e20
[2020-23-12 07:31:24] germanium32.trinidarts.com.DEBUG: using existing build.properties file(s)
[2020-23-12 07:31:24] germanium32.trinidarts.com.DEBUG: determining git ref ...
[2020-23-12 07:31:24] germanium32.trinidarts.com.DEBUG: git log exclude: ":(exclude)Makefile" ":(exclude)README.md" ":(exclude)build*.log" ":(exclude)build.yml" ":(exclude)configure" ":(exclude)docker-compose*.yml" ":(exclude)*.env" ":(exclude)*.properties" ":(exclude).dockerignore" 
[2020-23-12 07:31:24] germanium32.trinidarts.com.DEBUG: git ref: 
[2020-23-12 07:31:24] germanium32.trinidarts.com.DEBUG: determining git ref ...
[2020-23-12 07:31:24] germanium32.trinidarts.com.DEBUG: git log exclude: ":(exclude)Makefile" ":(exclude)README.md" ":(exclude)build*.log" ":(exclude)build.yml" ":(exclude)configure" ":(exclude)docker-compose*.yml" ":(exclude)*.env" ":(exclude)*.properties" ":(exclude).dockerignore" 
[2020-23-12 07:31:24] germanium32.trinidarts.com.DEBUG: git ref: 
[2020-23-12 07:31:24] germanium32.trinidarts.com.DEBUG: Trying to pull repository docker.io/gen6scp/ubuntu ...
[2020-23-12 07:31:36] germanium32.trinidarts.com.DEBUG: repository docker.io/gen6scp/ubuntu not found: does not exist or no pull access
[2020-23-12 07:31:36] germanium32.trinidarts.com.DEBUG: Build Command: docker build     --cache-from docker.io/gen6scp/ubuntu:19.10     --build-arg LABEL_VERSION=19.10      --build-arg "LABEL_NAME=ubuntu"     --build-arg "LABEL_USAGE=https://github.com/gen6scp/playstation123/tree/master/ubuntu"     --build-arg "LABEL_VENDOR=gen6scp"     --build-arg "LABEL_VCS_URL=https://github.com/gen6scp/playstation123"     --build-arg "LABEL_VCS_REF="      -t docker.io/gen6scp/ubuntu:19.10
 -t docker.io/gen6scp/ubuntu:19.10
 -t docker.io/gen6scp/ubuntu:latest     "."     -f "Dockerfile"
[2020-23-12 07:31:36] germanium32.trinidarts.com.DEBUG: Sending build context to Docker daemon 27.65 kB
[2020-23-12 07:31:36] germanium32.trinidarts.com.DEBUG: Step 1/23 : FROM ubuntu:19.10
[2020-23-12 07:31:36] germanium32.trinidarts.com.DEBUG: ---> dcbcfdcd50bb
[2020-23-12 07:31:36] germanium32.trinidarts.com.DEBUG: Step 2/23 : ARG LABEL_NAME
[2020-23-12 07:31:36] germanium32.trinidarts.com.DEBUG: ---> Using cache
[2020-23-12 07:31:36] germanium32.trinidarts.com.DEBUG: ---> 575e81fcdd9b
[2020-23-12 07:31:36] germanium32.trinidarts.com.DEBUG: Step 3/23 : ARG LABEL_VERSION
[2020-23-12 07:31:36] germanium32.trinidarts.com.DEBUG: ---> Using cache
[2020-23-12 07:31:36] germanium32.trinidarts.com.DEBUG: ---> a369350e0839
[2020-23-12 07:31:37] germanium32.trinidarts.com.DEBUG: Step 4/23 : ARG LABEL_USAGE
[2020-23-12 07:31:37] germanium32.trinidarts.com.DEBUG: ---> Using cache
[2020-23-12 07:31:37] germanium32.trinidarts.com.DEBUG: ---> b88238526688
[2020-23-12 07:31:37] germanium32.trinidarts.com.DEBUG: Step 5/23 : ARG LABEL_VENDOR
[2020-23-12 07:31:37] germanium32.trinidarts.com.DEBUG: ---> Using cache
[2020-23-12 07:31:37] germanium32.trinidarts.com.DEBUG: ---> 7d6a8b59be3e
[2020-23-12 07:31:37] germanium32.trinidarts.com.DEBUG: Step 6/23 : ARG LABEL_VCS_URL
[2020-23-12 07:31:37] germanium32.trinidarts.com.DEBUG: ---> Using cache
[2020-23-12 07:31:37] germanium32.trinidarts.com.DEBUG: ---> 636181984129
[2020-23-12 07:31:37] germanium32.trinidarts.com.DEBUG: Step 7/23 : ARG LABEL_VCS_REF
[2020-23-12 07:31:37] germanium32.trinidarts.com.DEBUG: ---> Using cache
[2020-23-12 07:31:37] germanium32.trinidarts.com.DEBUG: ---> 87326b74f532
[2020-23-12 07:31:37] germanium32.trinidarts.com.DEBUG: Step 8/23 : LABEL org.label-schema.name "$LABEL_NAME" org.label-schema.version "$LABEL_VERSION" org.label-schema.usage "$LABEL_USAGE" org.label-schema.vendor "$LABEL_VENDOR" org.label-schema.vcs-url "$LABEL_VCS_URL" org.label-schema.vcs-ref "$LABEL_VCS_REF" org.label-schema.schema-version "1.0"
[2020-23-12 07:31:37] germanium32.trinidarts.com.DEBUG: ---> Using cache
[2020-23-12 07:31:37] germanium32.trinidarts.com.DEBUG: ---> bf7e40077195
[2020-23-12 07:31:37] germanium32.trinidarts.com.DEBUG: Step 9/23 : ARG DEBIAN_FRONTEND=noninteractive
[2020-23-12 07:31:37] germanium32.trinidarts.com.DEBUG: ---> Using cache
[2020-23-12 07:31:37] germanium32.trinidarts.com.DEBUG: ---> bb152190c2ea
[2020-23-12 07:31:37] germanium32.trinidarts.com.DEBUG: Step 10/23 : RUN sed -i -re 's/([a-z]{2}\.)?archive.ubuntu.com|security.ubuntu.com/old-releases.ubuntu.com/g' /etc/apt/sources.list
[2020-23-12 07:31:37] germanium32.trinidarts.com.DEBUG: ---> Using cache
[2020-23-12 07:31:37] germanium32.trinidarts.com.DEBUG: ---> 800684b07b79
[2020-23-12 07:31:37] germanium32.trinidarts.com.DEBUG: Step 11/23 : RUN apt-get update -qq  && apt-get install -qqy --no-install-recommends       ca-certificates       sudo       tzdata       wget  && rm -rf /var/lib/apt/lists/*
[2020-23-12 07:31:37] germanium32.trinidarts.com.DEBUG: ---> Using cache
[2020-23-12 07:31:37] germanium32.trinidarts.com.DEBUG: ---> 9b01173abb8e
[2020-23-12 07:31:37] germanium32.trinidarts.com.DEBUG: Step 12/23 : RUN ARCH="$(dpkg --print-architecture | awk -F- '{ print $NF }')"  && wget -q -O /tmp/release.json "https://api.github.com/repos/krallin/tini/releases/latest"  && grep -E '"browser_download_url":.+'$ARCH'' /tmp/release.json | grep -v -E ".(asc|sig)" | head -n1 | cut -d '"' -f4 > /tmp/release.txt  && wget -q -O /usr/local/bin/tini "$(cat /tmp/release.txt)"  && chmod +x /usr/local/bin/tini  && rm -f /tmp/release.*
[2020-23-12 07:31:37] germanium32.trinidarts.com.DEBUG: ---> Using cache
[2020-23-12 07:31:37] germanium32.trinidarts.com.DEBUG: ---> 0e45f561057f
[2020-23-12 07:31:37] germanium32.trinidarts.com.DEBUG: Step 13/23 : RUN ARCH="$(dpkg --print-architecture | awk -F- '{ print $NF }')"  && wget -q -O /tmp/release.json "https://api.github.com/repos/tianon/gosu/releases/latest"  && grep -E '"browser_download_url":.+'$ARCH'' /tmp/release.json | grep -v -E ".(asc|sig)" | head -n1 | cut -d '"' -f4 > /tmp/release.txt  && wget -q -O /usr/local/bin/gosu "$(cat /tmp/release.txt)"  && chmod +x /usr/local/bin/gosu  && rm -f /tmp/release.*  && gosu nobody true
[2020-23-12 07:31:37] germanium32.trinidarts.com.DEBUG: ---> Using cache
[2020-23-12 07:31:37] germanium32.trinidarts.com.DEBUG: ---> 1b4c123e6a4c
[2020-23-12 07:31:37] germanium32.trinidarts.com.DEBUG: Step 14/23 : RUN ARCH="$(dpkg --print-architecture | awk -F- '{ print $NF }')"  && wget -q -O /tmp/release.json "https://api.github.com/repos/just-containers/s6-overlay/releases/latest"  && grep -E '"browser_download_url":.+'$ARCH'\.tar\.gz' /tmp/release.json | grep -v -E ".(asc|sig)" | head -n1 | cut -d '"' -f4 > /tmp/release.txt  && wget -q -O s6-overlay.tar.gz "$(cat /tmp/release.txt)"  && tar zxfh s6-overlay.tar.gz -C /  && rm -f /tmp/release.* s6-overlay.tar.gz
[2020-23-12 07:31:37] germanium32.trinidarts.com.DEBUG: ---> Using cache
[2020-23-12 07:31:37] germanium32.trinidarts.com.DEBUG: ---> 1f57b0b99f0a
[2020-23-12 07:31:37] germanium32.trinidarts.com.DEBUG: Step 15/23 : RUN /bin/echo -e "\n%adm ALL=(ALL) NOPASSWD:SETENV: /usr/local/bin/docker-entrypoint.sh\n"   >/etc/sudoers.d/passwordless
[2020-23-12 07:31:37] germanium32.trinidarts.com.DEBUG: ---> Using cache
[2020-23-12 07:31:37] germanium32.trinidarts.com.DEBUG: ---> fcc7f1867e54
[2020-23-12 07:31:37] germanium32.trinidarts.com.DEBUG: Step 16/23 : COPY entrypoint.d /etc/entrypoint.d
[2020-23-12 07:31:37] germanium32.trinidarts.com.DEBUG: ---> Using cache
[2020-23-12 07:31:37] germanium32.trinidarts.com.DEBUG: ---> f1791f6727b4
[2020-23-12 07:31:37] germanium32.trinidarts.com.DEBUG: Step 17/23 : COPY docker-entrypoint.sh /usr/local/bin/docker-entrypoint.sh
[2020-23-12 07:31:37] germanium32.trinidarts.com.DEBUG: ---> Using cache
[2020-23-12 07:31:37] germanium32.trinidarts.com.DEBUG: ---> 5027240676b1
[2020-23-12 07:31:37] germanium32.trinidarts.com.DEBUG: Step 18/23 : RUN addgroup --gid 1000 ubuntu  && adduser --gecos ""       --shell /bin/bash       --uid 1000       --gid 1000       --disabled-password       ubuntu  && adduser ubuntu adm
[2020-23-12 07:31:37] germanium32.trinidarts.com.DEBUG: ---> Using cache
[2020-23-12 07:31:37] germanium32.trinidarts.com.DEBUG: ---> 496b60447cdb
[2020-23-12 07:31:37] germanium32.trinidarts.com.INFO: Step 19/23 : RUN chgrp -R adm /var/log  && chmod -R g+w /var/log  && find /var/log -type d -exec chmod g+s {} \;
[2020-23-12 07:31:37] germanium32.trinidarts.com.DEBUG: ---> Using cache
[2020-23-12 07:31:37] germanium32.trinidarts.com.DEBUG: ---> 0564ca2ed296
[2020-23-12 07:31:37] germanium32.trinidarts.com.DEBUG: Step 20/23 : USER ubuntu
[2020-23-12 07:31:37] germanium32.trinidarts.com.DEBUG: ---> Using cache
[2020-23-12 07:31:37] germanium32.trinidarts.com.DEBUG: ---> 97f984d6698a
[2020-23-12 07:31:37] germanium32.trinidarts.com.DEBUG: Step 21/23 : WORKDIR /home/ubuntu
[2020-23-12 07:31:37] germanium32.trinidarts.com.DEBUG: ---> Using cache
[2020-23-12 07:31:37] germanium32.trinidarts.com.DEBUG: ---> d4761ec5909d
[2020-23-12 07:31:37] germanium32.trinidarts.com.DEBUG: Step 22/23 : RUN mkdir -p   /home/ubuntu/.cache   /home/ubuntu/.config   /home/ubuntu/.local/share
[2020-23-12 07:31:37] germanium32.trinidarts.com.DEBUG: ---> Using cache
[2020-23-12 07:31:38] germanium32.trinidarts.com.DEBUG: ---> fccaed5e43fe
[2020-23-12 07:31:38] germanium32.trinidarts.com.DEBUG: Step 23/23 : ENTRYPOINT /usr/local/bin/docker-entrypoint.sh
[2020-23-12 07:31:38] germanium32.trinidarts.com.DEBUG: ---> Running in 7a5c329a438a
[2020-23-12 07:31:38] germanium32.trinidarts.com.DEBUG: ---> 78e7a1fbd288
[2020-23-12 07:31:38] germanium32.trinidarts.com.DEBUG: Removing intermediate container 7a5c329a438a
[2020-23-12 07:31:38] germanium32.trinidarts.com.INFO: Successfully built 78e7a1fbd288
